<?xml version="1.0" encoding="UTF-8"?>
<testsuite xmlns:xsi="http://www.w3.org/2001/XMLSchema-instance" xsi:noNamespaceSchemaLocation="https://maven.apache.org/surefire/maven-surefire-plugin/xsd/surefire-test-report.xsd" name="st2e3.SimpleLinkedListTest" time="0.061" tests="7" errors="0" skipped="0" failures="0">
  <properties>
[...]
</properties>
  <testcase name="addTest" classname="st2e3.SimpleLinkedListTest" time="0.025"/>
  <testcase name="nextOnEmptyListTest" classname="st2e3.SimpleLinkedListTest$IteratorTests" time="0"/>
  <testcase name="hasNextIdempotenceTest" classname="st2e3.SimpleLinkedListTest$IteratorTests" time="0"/>
  <testcase name="iteratorTest" classname="st2e3.SimpleLinkedListTest$IteratorTests" time="0"/>
  <testcase name="hasNext" classname="st2e3.SimpleLinkedListTest$IteratorTests" time="0"/>
  <testcase name="removeTest" classname="st2e3.SimpleLinkedListTest$IteratorTests" time="0"/>
  <testcase name="nextTest" classname="st2e3.SimpleLinkedListTest$IteratorTests" time="0"/>
</testsuite>